<?xml version="1.0" encoding="UTF-8"?>
<!-- Generated by org.testng.reporters.JUnitReportReporter -->
<testsuite hostname="DESKTOP-H8NE5OO" failures="0" tests="1" name="cucumberOptions.TestNGRunner" time="12.970" errors="0" timestamp="2023-10-08T03:37:30 PDT" skipped="0">
  <testcase classname="cucumberOptions.TestNGRunner" name="runScenario" time="12.970"/>
</testsuite> <!-- cucumberOptions.TestNGRunner -->
